<?xml version="1.0" encoding="UTF-8"?>
<!-- Generated by org.testng.reporters.JUnitXMLReporter -->
<testsuite hostname="Pyroferus-PC" name="Default test" tests="9" failures="0" timestamp="8 Sep 2017 13:30:37 GMT" time="57.405" errors="0">
  <testcase name="bfr" time="35.483" classname="school.calendar"/>
  <testcase name="functionality_validation" time="0.002" classname="school.calendar"/>
  <testcase name="jun_holiday" time="4.935" classname="school.calendar"/>
  <testcase name="aug_holiday" time="4.639" classname="school.calendar"/>
  <testcase name="sep_holiday" time="2.482" classname="school.calendar"/>
  <testcase name="oct_holiday" time="2.279" classname="school.calendar"/>
  <testcase name="dec_holiday" time="2.47" classname="school.calendar"/>
  <testcase name="jan_holiday" time="2.558" classname="school.calendar"/>
  <testcase name="mar_holiday" time="2.482" classname="school.calendar"/>
</testsuite> <!-- Default test -->
